<?xml version="1.0" encoding="UTF-8"?>
<coverage generated="1772811049057" clover="3.2.0">
  <project timestamp="1772811049057" name="All files">
    <metrics statements="756" coveredstatements="702" conditionals="628" coveredconditionals="431" methods="178" coveredmethods="165" elements="1562" coveredelements="1298" complexity="0" loc="756" ncloc="756" packages="33" files="81" classes="81"/>
    <package name="src">
      <metrics statements="16" coveredstatements="16" conditionals="19" coveredconditionals="12" methods="3" coveredmethods="3"/>
      <file name="App.css" path="/Users/inabamasatake/Desktop/FrontHacks/32ReduxThunk/practice/quiz_app/src/App.css">
        <metrics statements="0" coveredstatements="0" conditionals="0" coveredconditionals="0" methods="0" coveredmethods="0"/>
      </file>
      <file name="App.jsx" path="/Users/inabamasatake/Desktop/FrontHacks/32ReduxThunk/practice/quiz_app/src/App.jsx">
        <metrics statements="10" coveredstatements="10" conditionals="11" coveredconditionals="8" methods="2" coveredmethods="2"/>
        <line num="17" count="7" type="stmt"/>
        <line num="18" count="7" type="stmt"/>
        <line num="19" count="7" type="stmt"/>
        <line num="20" count="7" type="cond" truecount="2" falsecount="0"/>
        <line num="22" count="7" type="stmt"/>
        <line num="23" count="7" type="cond" truecount="2" falsecount="0"/>
        <line num="24" count="6" type="stmt"/>
        <line num="27" count="7" type="cond" truecount="2" falsecount="0"/>
        <line num="31" count="7" type="cond" truecount="2" falsecount="3"/>
        <line num="34" count="7" type="stmt"/>
      </file>
      <file name="AppRoutes.jsx" path="/Users/inabamasatake/Desktop/FrontHacks/32ReduxThunk/practice/quiz_app/src/AppRoutes.jsx">
        <metrics statements="6" coveredstatements="6" conditionals="8" coveredconditionals="4" methods="1" coveredmethods="1"/>
        <line num="8" count="5" type="cond" truecount="1" falsecount="1"/>
        <line num="10" count="5" type="stmt"/>
        <line num="11" count="5" type="cond" truecount="1" falsecount="1"/>
        <line num="12" count="5" type="cond" truecount="1" falsecount="1"/>
        <line num="13" count="5" type="cond" truecount="1" falsecount="1"/>
        <line num="15" count="5" type="stmt"/>
      </file>
    </package>
    <package name="src.components.common.AnswerAlert">
      <metrics statements="5" coveredstatements="5" conditionals="10" coveredconditionals="5" methods="1" coveredmethods="1"/>
      <file name="AnswerAlert.css" path="/Users/inabamasatake/Desktop/FrontHacks/32ReduxThunk/practice/quiz_app/src/components/common/AnswerAlert/AnswerAlert.css">
        <metrics statements="0" coveredstatements="0" conditionals="0" coveredconditionals="0" methods="0" coveredmethods="0"/>
      </file>
      <file name="AnswerAlert.jsx" path="/Users/inabamasatake/Desktop/FrontHacks/32ReduxThunk/practice/quiz_app/src/components/common/AnswerAlert/AnswerAlert.jsx">
        <metrics statements="5" coveredstatements="5" conditionals="10" coveredconditionals="5" methods="1" coveredmethods="1"/>
        <line num="10" count="9" type="cond" truecount="1" falsecount="1"/>
        <line num="12" count="9" type="cond" truecount="2" falsecount="2"/>
        <line num="13" count="9" type="stmt"/>
        <line num="15" count="9" type="cond" truecount="2" falsecount="2"/>
        <line num="16" count="9" type="stmt"/>
      </file>
    </package>
    <package name="src.components.common.BackToHomeLink">
      <metrics statements="5" coveredstatements="5" conditionals="6" coveredconditionals="3" methods="1" coveredmethods="1"/>
      <file name="BackToHomeLink.css" path="/Users/inabamasatake/Desktop/FrontHacks/32ReduxThunk/practice/quiz_app/src/components/common/BackToHomeLink/BackToHomeLink.css">
        <metrics statements="0" coveredstatements="0" conditionals="0" coveredconditionals="0" methods="0" coveredmethods="0"/>
      </file>
      <file name="BackToHomeLink.jsx" path="/Users/inabamasatake/Desktop/FrontHacks/32ReduxThunk/practice/quiz_app/src/components/common/BackToHomeLink/BackToHomeLink.jsx">
        <metrics statements="5" coveredstatements="5" conditionals="6" coveredconditionals="3" methods="1" coveredmethods="1"/>
        <line num="11" count="6" type="cond" truecount="1" falsecount="1"/>
        <line num="13" count="6" type="stmt"/>
        <line num="14" count="6" type="cond" truecount="1" falsecount="1"/>
        <line num="21" count="6" type="cond" truecount="1" falsecount="1"/>
        <line num="24" count="6" type="stmt"/>
      </file>
    </package>
    <package name="src.components.common.Button">
      <metrics statements="10" coveredstatements="10" conditionals="18" coveredconditionals="16" methods="1" coveredmethods="1"/>
      <file name="Button.css" path="/Users/inabamasatake/Desktop/FrontHacks/32ReduxThunk/practice/quiz_app/src/components/common/Button/Button.css">
        <metrics statements="0" coveredstatements="0" conditionals="0" coveredconditionals="0" methods="0" coveredmethods="0"/>
      </file>
      <file name="Button.jsx" path="/Users/inabamasatake/Desktop/FrontHacks/32ReduxThunk/practice/quiz_app/src/components/common/Button/Button.jsx">
        <metrics statements="10" coveredstatements="10" conditionals="18" coveredconditionals="16" methods="1" coveredmethods="1"/>
        <line num="6" count="122" type="stmt"/>
        <line num="9" count="122" type="cond" truecount="2" falsecount="0"/>
        <line num="10" count="122" type="cond" truecount="2" falsecount="0"/>
        <line num="14" count="122" type="stmt"/>
        <line num="15" count="122" type="cond" truecount="6" falsecount="0"/>
        <line num="16" count="113" type="stmt"/>
        <line num="18" count="122" type="stmt"/>
        <line num="21" count="122" type="stmt"/>
        <line num="24" count="122" type="cond" truecount="6" falsecount="2"/>
        <line num="27" count="122" type="stmt"/>
      </file>
    </package>
    <package name="src.components.common.LoadingSpinner">
      <metrics statements="3" coveredstatements="0" conditionals="2" coveredconditionals="0" methods="1" coveredmethods="0"/>
      <file name="LoadingSpinner.css" path="/Users/inabamasatake/Desktop/FrontHacks/32ReduxThunk/practice/quiz_app/src/components/common/LoadingSpinner/LoadingSpinner.css">
        <metrics statements="0" coveredstatements="0" conditionals="0" coveredconditionals="0" methods="0" coveredmethods="0"/>
      </file>
      <file name="LoadingSpinner.jsx" path="/Users/inabamasatake/Desktop/FrontHacks/32ReduxThunk/practice/quiz_app/src/components/common/LoadingSpinner/LoadingSpinner.jsx">
        <metrics statements="3" coveredstatements="0" conditionals="2" coveredconditionals="0" methods="1" coveredmethods="0"/>
        <line num="6" count="0" type="cond" truecount="0" falsecount="2"/>
        <line num="8" count="0" type="stmt"/>
        <line num="10" count="0" type="stmt"/>
      </file>
    </package>
    <package name="src.components.layout.Header">
      <metrics statements="13" coveredstatements="13" conditionals="10" coveredconditionals="7" methods="4" coveredmethods="4"/>
      <file name="Header.css" path="/Users/inabamasatake/Desktop/FrontHacks/32ReduxThunk/practice/quiz_app/src/components/layout/Header/Header.css">
        <metrics statements="0" coveredstatements="0" conditionals="0" coveredconditionals="0" methods="0" coveredmethods="0"/>
      </file>
      <file name="Header.jsx" path="/Users/inabamasatake/Desktop/FrontHacks/32ReduxThunk/practice/quiz_app/src/components/layout/Header/Header.jsx">
        <metrics statements="13" coveredstatements="13" conditionals="10" coveredconditionals="7" methods="4" coveredmethods="4"/>
        <line num="8" count="4" type="stmt"/>
        <line num="9" count="4" type="stmt"/>
        <line num="11" count="4" type="cond" truecount="2" falsecount="0"/>
        <line num="13" count="4" type="stmt"/>
        <line num="14" count="3" type="stmt"/>
        <line num="15" count="1" type="stmt"/>
        <line num="18" count="3" type="stmt"/>
        <line num="19" count="3" type="stmt"/>
        <line num="20" count="3" type="stmt"/>
        <line num="23" count="4" type="cond" truecount="3" falsecount="1"/>
        <line num="24" count="4" type="stmt"/>
        <line num="32" count="4" type="cond" truecount="2" falsecount="2"/>
        <line num="33" count="4" type="stmt"/>
      </file>
    </package>
    <package name="src.components.page.HistoryPage">
      <metrics statements="17" coveredstatements="1" conditionals="18" coveredconditionals="0" methods="3" coveredmethods="0"/>
      <file name="HistoryPage.jsx" path="/Users/inabamasatake/Desktop/FrontHacks/32ReduxThunk/practice/quiz_app/src/components/page/HistoryPage/HistoryPage.jsx">
        <metrics statements="17" coveredstatements="1" conditionals="18" coveredconditionals="0" methods="3" coveredmethods="0"/>
        <line num="13" count="1" type="stmt"/>
        <line num="14" count="0" type="stmt"/>
        <line num="15" count="0" type="stmt"/>
        <line num="16" count="0" type="cond" truecount="0" falsecount="2"/>
        <line num="18" count="0" type="stmt"/>
        <line num="19" count="0" type="stmt"/>
        <line num="20" count="0" type="stmt"/>
        <line num="22" count="0" type="cond" truecount="0" falsecount="4"/>
        <line num="23" count="0" type="stmt"/>
        <line num="26" count="0" type="cond" truecount="0" falsecount="4"/>
        <line num="28" count="0" type="stmt"/>
        <line num="29" count="0" type="cond" truecount="0" falsecount="2"/>
        <line num="30" count="0" type="stmt"/>
        <line num="32" count="0" type="cond" truecount="0" falsecount="4"/>
        <line num="33" count="0" type="stmt"/>
        <line num="35" count="0" type="cond" truecount="0" falsecount="2"/>
        <line num="37" count="0" type="stmt"/>
      </file>
    </package>
    <package name="src.components.page.HomePage">
      <metrics statements="48" coveredstatements="48" conditionals="22" coveredconditionals="16" methods="13" coveredmethods="13"/>
      <file name="HomePage.css" path="/Users/inabamasatake/Desktop/FrontHacks/32ReduxThunk/practice/quiz_app/src/components/page/HomePage/HomePage.css">
        <metrics statements="0" coveredstatements="0" conditionals="0" coveredconditionals="0" methods="0" coveredmethods="0"/>
      </file>
      <file name="HomePage.jsx" path="/Users/inabamasatake/Desktop/FrontHacks/32ReduxThunk/practice/quiz_app/src/components/page/HomePage/HomePage.jsx">
        <metrics statements="12" coveredstatements="12" conditionals="14" coveredconditionals="9" methods="2" coveredmethods="2"/>
        <line num="14" count="44" type="stmt"/>
        <line num="15" count="11" type="cond" truecount="2" falsecount="0"/>
        <line num="18" count="11" type="stmt"/>
        <line num="19" count="11" type="cond" truecount="2" falsecount="0"/>
        <line num="20" count="11" type="cond" truecount="1" falsecount="1"/>
        <line num="22" count="11" type="stmt"/>
        <line num="28" count="1" type="stmt"/>
        <line num="35" count="11" type="cond" truecount="1" falsecount="1"/>
        <line num="37" count="11" type="cond" truecount="1" falsecount="1"/>
        <line num="39" count="11" type="stmt"/>
        <line num="41" count="11" type="cond" truecount="2" falsecount="2"/>
        <line num="42" count="11" type="stmt"/>
      </file>
      <file name="constants.js" path="/Users/inabamasatake/Desktop/FrontHacks/32ReduxThunk/practice/quiz_app/src/components/page/HomePage/constants.js">
        <metrics statements="8" coveredstatements="8" conditionals="4" coveredconditionals="4" methods="4" coveredmethods="4"/>
        <line num="4" count="2" type="stmt"/>
        <line num="5" count="30" type="stmt"/>
        <line num="6" count="180" type="stmt"/>
        <line num="13" count="2" type="stmt"/>
        <line num="18" count="2" type="stmt"/>
        <line num="19" count="30" type="cond" truecount="2" falsecount="0"/>
        <line num="30" count="2" type="stmt"/>
        <line num="31" count="30" type="cond" truecount="2" falsecount="0"/>
      </file>
      <file name="useHomePage.js" path="/Users/inabamasatake/Desktop/FrontHacks/32ReduxThunk/practice/quiz_app/src/components/page/HomePage/useHomePage.js">
        <metrics statements="28" coveredstatements="28" conditionals="4" coveredconditionals="3" methods="7" coveredmethods="7"/>
        <line num="24" count="2" type="stmt"/>
        <line num="25" count="30" type="stmt"/>
        <line num="26" count="30" type="stmt"/>
        <line num="28" count="30" type="stmt"/>
        <line num="29" count="30" type="stmt"/>
        <line num="30" count="30" type="stmt"/>
        <line num="31" count="30" type="stmt"/>
        <line num="33" count="30" type="stmt"/>
        <line num="34" count="30" type="stmt"/>
        <line num="35" count="30" type="stmt"/>
        <line num="36" count="30" type="stmt"/>
        <line num="38" count="30" type="stmt"/>
        <line num="39" count="30" type="stmt"/>
        <line num="45" count="2" type="stmt"/>
        <line num="54" count="1" type="stmt"/>
        <line num="55" count="1" type="stmt"/>
        <line num="67" count="2" type="stmt"/>
        <line num="75" count="1" type="stmt"/>
        <line num="84" count="30" type="stmt"/>
        <line num="85" count="5" type="stmt"/>
        <line num="87" count="5" type="stmt"/>
        <line num="88" count="5" type="stmt"/>
        <line num="89" count="5" type="cond" truecount="2" falsecount="0"/>
        <line num="91" count="5" type="stmt"/>
        <line num="93" count="5" type="stmt"/>
        <line num="97" count="2" type="stmt"/>
        <line num="100" count="2" type="stmt"/>
        <line num="104" count="30" type="stmt"/>
      </file>
    </package>
    <package name="src.components.page.QuizPage">
      <metrics statements="19" coveredstatements="19" conditionals="25" coveredconditionals="14" methods="2" coveredmethods="2"/>
      <file name="QuizPage.css" path="/Users/inabamasatake/Desktop/FrontHacks/32ReduxThunk/practice/quiz_app/src/components/page/QuizPage/QuizPage.css">
        <metrics statements="0" coveredstatements="0" conditionals="0" coveredconditionals="0" methods="0" coveredmethods="0"/>
      </file>
      <file name="QuizPage.jsx" path="/Users/inabamasatake/Desktop/FrontHacks/32ReduxThunk/practice/quiz_app/src/components/page/QuizPage/QuizPage.jsx">
        <metrics statements="19" coveredstatements="19" conditionals="25" coveredconditionals="14" methods="2" coveredmethods="2"/>
        <line num="20" count="4" type="stmt"/>
        <line num="21" count="4" type="stmt"/>
        <line num="23" count="4" type="stmt"/>
        <line num="24" count="4" type="stmt"/>
        <line num="25" count="4" type="stmt"/>
        <line num="27" count="4" type="stmt"/>
        <line num="29" count="4" type="cond" truecount="1" falsecount="1"/>
        <line num="30" count="4" type="cond" truecount="1" falsecount="1"/>
        <line num="31" count="4" type="cond" truecount="1" falsecount="1"/>
        <line num="32" count="4" type="cond" truecount="2" falsecount="5"/>
        <line num="34" count="4" type="stmt"/>
        <line num="35" count="4" type="stmt"/>
        <line num="36" count="4" type="stmt"/>
        <line num="38" count="4" type="cond" truecount="5" falsecount="1"/>
        <line num="39" count="1" type="stmt"/>
        <line num="42" count="3" type="cond" truecount="3" falsecount="1"/>
        <line num="43" count="1" type="stmt"/>
        <line num="44" count="2" type="cond" truecount="1" falsecount="1"/>
        <line num="46" count="2" type="stmt"/>
      </file>
    </package>
    <package name="src.components.widgets.QuizContent">
      <metrics statements="91" coveredstatements="91" conditionals="152" coveredconditionals="104" methods="9" coveredmethods="9"/>
      <file name="QuizAnswerAlert.css" path="/Users/inabamasatake/Desktop/FrontHacks/32ReduxThunk/practice/quiz_app/src/components/widgets/QuizContent/QuizAnswerAlert.css">
        <metrics statements="0" coveredstatements="0" conditionals="0" coveredconditionals="0" methods="0" coveredmethods="0"/>
      </file>
      <file name="QuizAnswerAlert.jsx" path="/Users/inabamasatake/Desktop/FrontHacks/32ReduxThunk/practice/quiz_app/src/components/widgets/QuizContent/QuizAnswerAlert.jsx">
        <metrics statements="8" coveredstatements="8" conditionals="14" coveredconditionals="9" methods="1" coveredmethods="1"/>
        <line num="6" count="20" type="stmt"/>
        <line num="7" count="20" type="cond" truecount="2" falsecount="0"/>
        <line num="10" count="9" type="stmt"/>
        <line num="11" count="9" type="stmt"/>
        <line num="13" count="20" type="cond" truecount="4" falsecount="2"/>
        <line num="14" count="9" type="cond" truecount="1" falsecount="1"/>
        <line num="15" count="9" type="cond" truecount="2" falsecount="2"/>
        <line num="16" count="9" type="stmt"/>
      </file>
      <file name="QuizAnswers.css" path="/Users/inabamasatake/Desktop/FrontHacks/32ReduxThunk/practice/quiz_app/src/components/widgets/QuizContent/QuizAnswers.css">
        <metrics statements="0" coveredstatements="0" conditionals="0" coveredconditionals="0" methods="0" coveredmethods="0"/>
      </file>
      <file name="QuizAnswers.jsx" path="/Users/inabamasatake/Desktop/FrontHacks/32ReduxThunk/practice/quiz_app/src/components/widgets/QuizContent/QuizAnswers.jsx">
        <metrics statements="14" coveredstatements="14" conditionals="25" coveredconditionals="13" methods="3" coveredmethods="3"/>
        <line num="8" count="27" type="stmt"/>
        <line num="15" count="27" type="cond" truecount="4" falsecount="11"/>
        <line num="16" count="27" type="stmt"/>
        <line num="17" count="72" type="stmt"/>
        <line num="18" count="72" type="cond" truecount="2" falsecount="0"/>
        <line num="19" count="46" type="cond" truecount="2" falsecount="0"/>
        <line num="20" count="12" type="stmt"/>
        <line num="21" count="34" type="cond" truecount="2" falsecount="0"/>
        <line num="22" count="5" type="stmt"/>
        <line num="24" count="72" type="stmt"/>
        <line num="30" count="6" type="stmt"/>
        <line num="38" count="27" type="cond" truecount="2" falsecount="0"/>
        <line num="41" count="27" type="cond" truecount="1" falsecount="1"/>
        <line num="45" count="27" type="stmt"/>
      </file>
      <file name="QuizContent.css" path="/Users/inabamasatake/Desktop/FrontHacks/32ReduxThunk/practice/quiz_app/src/components/widgets/QuizContent/QuizContent.css">
        <metrics statements="0" coveredstatements="0" conditionals="0" coveredconditionals="0" methods="0" coveredmethods="0"/>
      </file>
      <file name="QuizContent.jsx" path="/Users/inabamasatake/Desktop/FrontHacks/32ReduxThunk/practice/quiz_app/src/components/widgets/QuizContent/QuizContent.jsx">
        <metrics statements="13" coveredstatements="13" conditionals="31" coveredconditionals="17" methods="1" coveredmethods="1"/>
        <line num="13" count="14" type="stmt"/>
        <line num="14" count="14" type="stmt"/>
        <line num="32" count="14" type="cond" truecount="7" falsecount="4"/>
        <line num="35" count="14" type="stmt"/>
        <line num="36" count="14" type="stmt"/>
        <line num="46" count="14" type="cond" truecount="3" falsecount="1"/>
        <line num="48" count="14" type="stmt"/>
        <line num="50" count="14" type="stmt"/>
        <line num="55" count="14" type="stmt"/>
        <line num="56" count="14" type="cond" truecount="3" falsecount="5"/>
        <line num="57" count="14" type="cond" truecount="2" falsecount="0"/>
        <line num="59" count="14" type="cond" truecount="2" falsecount="4"/>
        <line num="60" count="14" type="stmt"/>
      </file>
      <file name="QuizContentView.css" path="/Users/inabamasatake/Desktop/FrontHacks/32ReduxThunk/practice/quiz_app/src/components/widgets/QuizContent/QuizContentView.css">
        <metrics statements="0" coveredstatements="0" conditionals="0" coveredconditionals="0" methods="0" coveredmethods="0"/>
      </file>
      <file name="QuizContentView.jsx" path="/Users/inabamasatake/Desktop/FrontHacks/32ReduxThunk/practice/quiz_app/src/components/widgets/QuizContent/QuizContentView.jsx">
        <metrics statements="19" coveredstatements="19" conditionals="35" coveredconditionals="34" methods="1" coveredmethods="1"/>
        <line num="4" count="16" type="stmt"/>
        <line num="14" count="16" type="cond" truecount="6" falsecount="0"/>
        <line num="16" count="13" type="stmt"/>
        <line num="17" count="13" type="cond" truecount="2" falsecount="0"/>
        <line num="18" count="7" type="stmt"/>
        <line num="19" count="13" type="cond" truecount="2" falsecount="0"/>
        <line num="20" count="13" type="cond" truecount="2" falsecount="0"/>
        <line num="21" count="13" type="cond" truecount="5" falsecount="0"/>
        <line num="22" count="6" type="stmt"/>
        <line num="23" count="8" type="stmt"/>
        <line num="24" count="13" type="cond" truecount="4" falsecount="0"/>
        <line num="25" count="13" type="cond" truecount="2" falsecount="0"/>
        <line num="27" count="12" type="stmt"/>
        <line num="28" count="12" type="stmt"/>
        <line num="30" count="13" type="cond" truecount="2" falsecount="0"/>
        <line num="31" count="7" type="stmt"/>
        <line num="33" count="13" type="cond" truecount="4" falsecount="0"/>
        <line num="34" count="13" type="cond" truecount="5" falsecount="1"/>
        <line num="35" count="13" type="stmt"/>
      </file>
      <file name="useQuizContent.js" path="/Users/inabamasatake/Desktop/FrontHacks/32ReduxThunk/practice/quiz_app/src/components/widgets/QuizContent/useQuizContent.js">
        <metrics statements="37" coveredstatements="37" conditionals="47" coveredconditionals="31" methods="3" coveredmethods="3"/>
        <line num="27" count="39" type="stmt"/>
        <line num="28" count="39" type="stmt"/>
        <line num="30" count="39" type="stmt"/>
        <line num="32" count="39" type="stmt"/>
        <line num="33" count="39" type="cond" truecount="2" falsecount="0"/>
        <line num="34" count="39" type="cond" truecount="2" falsecount="0"/>
        <line num="35" count="39" type="stmt"/>
        <line num="37" count="39" type="stmt"/>
        <line num="39" count="39" type="stmt"/>
        <line num="40" count="39" type="stmt"/>
        <line num="42" count="39" type="stmt"/>
        <line num="43" count="39" type="stmt"/>
        <line num="44" count="39" type="stmt"/>
        <line num="46" count="39" type="stmt"/>
        <line num="47" count="39" type="cond" truecount="2" falsecount="0"/>
        <line num="49" count="39" type="cond" truecount="2" falsecount="0"/>
        <line num="51" count="39" type="stmt"/>
        <line num="54" count="16" type="stmt"/>
        <line num="56" count="39" type="cond" truecount="2" falsecount="0"/>
        <line num="58" count="39" type="cond" truecount="5" falsecount="0"/>
        <line num="60" count="39" type="cond" truecount="2" falsecount="0"/>
        <line num="64" count="39" type="cond" truecount="2" falsecount="3"/>
        <line num="66" count="39" type="stmt"/>
        <line num="67" count="13" type="cond" truecount="2" falsecount="0"/>
        <line num="68" count="12" type="stmt"/>
        <line num="69" count="12" type="stmt"/>
        <line num="71" count="12" type="stmt"/>
        <line num="78" count="13" type="stmt"/>
        <line num="83" count="13" type="stmt"/>
        <line num="84" count="39" type="cond" truecount="2" falsecount="0"/>
        <line num="86" count="39" type="stmt"/>
        <line num="87" count="4" type="stmt"/>
        <line num="88" count="4" type="stmt"/>
        <line num="89" count="4" type="stmt"/>
        <line num="90" count="39" type="cond" truecount="4" falsecount="13"/>
        <line num="92" count="39" type="stmt"/>
        <line num="112" count="39" type="stmt"/>
      </file>
    </package>
    <package name="src.components.widgets.QuizHistory">
      <metrics statements="36" coveredstatements="2" conditionals="57" coveredconditionals="0" methods="4" coveredmethods="0"/>
      <file name="QuizHistory.css" path="/Users/inabamasatake/Desktop/FrontHacks/32ReduxThunk/practice/quiz_app/src/components/widgets/QuizHistory/QuizHistory.css">
        <metrics statements="0" coveredstatements="0" conditionals="0" coveredconditionals="0" methods="0" coveredmethods="0"/>
      </file>
      <file name="QuizHistory.jsx" path="/Users/inabamasatake/Desktop/FrontHacks/32ReduxThunk/practice/quiz_app/src/components/widgets/QuizHistory/QuizHistory.jsx">
        <metrics statements="15" coveredstatements="1" conditionals="21" coveredconditionals="0" methods="3" coveredmethods="0"/>
        <line num="18" count="1" type="stmt"/>
        <line num="19" count="0" type="stmt"/>
        <line num="21" count="0" type="stmt"/>
        <line num="23" count="0" type="cond" truecount="0" falsecount="2"/>
        <line num="26" count="0" type="stmt"/>
        <line num="27" count="0" type="cond" truecount="0" falsecount="2"/>
        <line num="28" count="0" type="cond" truecount="0" falsecount="2"/>
        <line num="29" count="0" type="cond" truecount="0" falsecount="6"/>
        <line num="31" count="0" type="stmt"/>
        <line num="33" count="0" type="stmt"/>
        <line num="45" count="0" type="stmt"/>
        <line num="49" count="0" type="cond" truecount="0" falsecount="2"/>
        <line num="51" count="0" type="cond" truecount="0" falsecount="2"/>
        <line num="53" count="0" type="cond" truecount="0" falsecount="5"/>
        <line num="54" count="0" type="stmt"/>
      </file>
      <file name="QuizHistoryItem.css" path="/Users/inabamasatake/Desktop/FrontHacks/32ReduxThunk/practice/quiz_app/src/components/widgets/QuizHistory/QuizHistoryItem.css">
        <metrics statements="0" coveredstatements="0" conditionals="0" coveredconditionals="0" methods="0" coveredmethods="0"/>
      </file>
      <file name="QuizHistoryItem.jsx" path="/Users/inabamasatake/Desktop/FrontHacks/32ReduxThunk/practice/quiz_app/src/components/widgets/QuizHistory/QuizHistoryItem.jsx">
        <metrics statements="21" coveredstatements="1" conditionals="36" coveredconditionals="0" methods="1" coveredmethods="0"/>
        <line num="8" count="1" type="stmt"/>
        <line num="16" count="0" type="cond" truecount="0" falsecount="2"/>
        <line num="18" count="0" type="stmt"/>
        <line num="19" count="0" type="stmt"/>
        <line num="20" count="0" type="cond" truecount="0" falsecount="2"/>
        <line num="21" count="0" type="cond" truecount="0" falsecount="2"/>
        <line num="22" count="0" type="cond" truecount="0" falsecount="2"/>
        <line num="23" count="0" type="stmt"/>
        <line num="24" count="0" type="cond" truecount="0" falsecount="2"/>
        <line num="25" count="0" type="cond" truecount="0" falsecount="6"/>
        <line num="26" count="0" type="cond" truecount="0" falsecount="2"/>
        <line num="28" count="0" type="stmt"/>
        <line num="29" count="0" type="stmt"/>
        <line num="30" count="0" type="cond" truecount="0" falsecount="4"/>
        <line num="34" count="0" type="cond" truecount="0" falsecount="2"/>
        <line num="35" count="0" type="stmt"/>
        <line num="36" count="0" type="cond" truecount="0" falsecount="2"/>
        <line num="38" count="0" type="cond" truecount="0" falsecount="2"/>
        <line num="40" count="0" type="cond" truecount="0" falsecount="4"/>
        <line num="41" count="0" type="cond" truecount="0" falsecount="4"/>
        <line num="42" count="0" type="stmt"/>
      </file>
    </package>
    <package name="src.components.widgets.QuizLoading">
      <metrics statements="23" coveredstatements="23" conditionals="31" coveredconditionals="27" methods="2" coveredmethods="2"/>
      <file name="QuizLoading.css" path="/Users/inabamasatake/Desktop/FrontHacks/32ReduxThunk/practice/quiz_app/src/components/widgets/QuizLoading/QuizLoading.css">
        <metrics statements="0" coveredstatements="0" conditionals="0" coveredconditionals="0" methods="0" coveredmethods="0"/>
      </file>
      <file name="QuizLoading.jsx" path="/Users/inabamasatake/Desktop/FrontHacks/32ReduxThunk/practice/quiz_app/src/components/widgets/QuizLoading/QuizLoading.jsx">
        <metrics statements="23" coveredstatements="23" conditionals="31" coveredconditionals="27" methods="2" coveredmethods="2"/>
        <line num="19" count="10" type="stmt"/>
        <line num="20" count="10" type="stmt"/>
        <line num="21" count="10" type="stmt"/>
        <line num="23" count="10" type="stmt"/>
        <line num="24" count="10" type="stmt"/>
        <line num="26" count="10" type="cond" truecount="2" falsecount="0"/>
        <line num="27" count="10" type="cond" truecount="2" falsecount="0"/>
        <line num="28" count="10" type="cond" truecount="2" falsecount="0"/>
        <line num="29" count="10" type="stmt"/>
        <line num="31" count="10" type="stmt"/>
        <line num="33" count="10" type="cond" truecount="3" falsecount="1"/>
        <line num="34" count="3" type="stmt"/>
        <line num="37" count="7" type="cond" truecount="3" falsecount="1"/>
        <line num="39" count="5" type="stmt"/>
        <line num="40" count="5" type="cond" truecount="7" falsecount="0"/>
        <line num="42" count="4" type="stmt"/>
        <line num="43" count="4" type="stmt"/>
        <line num="45" count="2" type="stmt"/>
        <line num="51" count="5" type="cond" truecount="2" falsecount="0"/>
        <line num="52" count="5" type="cond" truecount="4" falsecount="0"/>
        <line num="53" count="5" type="cond" truecount="2" falsecount="2"/>
        <line num="54" count="5" type="stmt"/>
        <line num="56" count="2" type="stmt"/>
      </file>
    </package>
    <package name="src.components.widgets.QuizResult">
      <metrics statements="60" coveredstatements="60" conditionals="98" coveredconditionals="88" methods="7" coveredmethods="7"/>
      <file name="QuizResult.jsx" path="/Users/inabamasatake/Desktop/FrontHacks/32ReduxThunk/practice/quiz_app/src/components/widgets/QuizResult/QuizResult.jsx">
        <metrics statements="12" coveredstatements="12" conditionals="24" coveredconditionals="24" methods="2" coveredmethods="2"/>
        <line num="12" count="14" type="stmt"/>
        <line num="13" count="14" type="stmt"/>
        <line num="25" count="14" type="cond" truecount="8" falsecount="0"/>
        <line num="28" count="6" type="stmt"/>
        <line num="29" count="6" type="stmt"/>
        <line num="36" count="14" type="cond" truecount="4" falsecount="0"/>
        <line num="38" count="14" type="cond" truecount="4" falsecount="0"/>
        <line num="40" count="14" type="cond" truecount="2" falsecount="0"/>
        <line num="42" count="4" type="stmt"/>
        <line num="44" count="1" type="stmt"/>
        <line num="48" count="14" type="cond" truecount="6" falsecount="0"/>
        <line num="49" count="14" type="stmt"/>
      </file>
      <file name="QuizResultView.jsx" path="/Users/inabamasatake/Desktop/FrontHacks/32ReduxThunk/practice/quiz_app/src/components/widgets/QuizResult/QuizResultView.jsx">
        <metrics statements="12" coveredstatements="12" conditionals="23" coveredconditionals="18" methods="1" coveredmethods="1"/>
        <line num="3" count="7" type="stmt"/>
        <line num="10" count="7" type="cond" truecount="2" falsecount="0"/>
        <line num="12" count="7" type="stmt"/>
        <line num="13" count="7" type="cond" truecount="1" falsecount="1"/>
        <line num="14" count="7" type="cond" truecount="1" falsecount="1"/>
        <line num="15" count="7" type="cond" truecount="2" falsecount="0"/>
        <line num="17" count="5" type="stmt"/>
        <line num="18" count="7" type="cond" truecount="2" falsecount="0"/>
        <line num="19" count="7" type="cond" truecount="2" falsecount="0"/>
        <line num="20" count="7" type="cond" truecount="5" falsecount="0"/>
        <line num="21" count="7" type="cond" truecount="3" falsecount="3"/>
        <line num="22" count="7" type="stmt"/>
      </file>
      <file name="ResultButtonContainer.css" path="/Users/inabamasatake/Desktop/FrontHacks/32ReduxThunk/practice/quiz_app/src/components/widgets/QuizResult/ResultButtonContainer.css">
        <metrics statements="0" coveredstatements="0" conditionals="0" coveredconditionals="0" methods="0" coveredmethods="0"/>
      </file>
      <file name="ResultButtonContainer.jsx" path="/Users/inabamasatake/Desktop/FrontHacks/32ReduxThunk/practice/quiz_app/src/components/widgets/QuizResult/ResultButtonContainer.jsx">
        <metrics statements="7" coveredstatements="7" conditionals="8" coveredconditionals="4" methods="1" coveredmethods="1"/>
        <line num="7" count="5" type="cond" truecount="1" falsecount="1"/>
        <line num="9" count="5" type="stmt"/>
        <line num="10" count="5" type="stmt"/>
        <line num="12" count="5" type="cond" truecount="1" falsecount="1"/>
        <line num="13" count="5" type="stmt"/>
        <line num="15" count="5" type="cond" truecount="2" falsecount="2"/>
        <line num="16" count="5" type="stmt"/>
      </file>
      <file name="useQuizResult.js" path="/Users/inabamasatake/Desktop/FrontHacks/32ReduxThunk/practice/quiz_app/src/components/widgets/QuizResult/useQuizResult.js">
        <metrics statements="29" coveredstatements="29" conditionals="43" coveredconditionals="42" methods="3" coveredmethods="3"/>
        <line num="28" count="22" type="stmt"/>
        <line num="29" count="22" type="stmt"/>
        <line num="30" count="22" type="stmt"/>
        <line num="32" count="22" type="stmt"/>
        <line num="33" count="22" type="stmt"/>
        <line num="35" count="22" type="stmt"/>
        <line num="36" count="22" type="stmt"/>
        <line num="37" count="22" type="stmt"/>
        <line num="39" count="22" type="stmt"/>
        <line num="40" count="22" type="stmt"/>
        <line num="41" count="22" type="stmt"/>
        <line num="43" count="22" type="stmt"/>
        <line num="44" count="22" type="cond" truecount="2" falsecount="0"/>
        <line num="45" count="22" type="cond" truecount="2" falsecount="0"/>
        <line num="46" count="22" type="cond" truecount="2" falsecount="0"/>
        <line num="47" count="22" type="cond" truecount="2" falsecount="0"/>
        <line num="49" count="22" type="stmt"/>
        <line num="50" count="22" type="cond" truecount="2" falsecount="0"/>
        <line num="51" count="22" type="cond" truecount="9" falsecount="0"/>
        <line num="53" count="22" type="stmt"/>
        <line num="54" count="2" type="stmt"/>
        <line num="55" count="22" type="cond" truecount="5" falsecount="1"/>
        <line num="57" count="22" type="stmt"/>
        <line num="58" count="22" type="cond" truecount="6" falsecount="0"/>
        <line num="59" count="4" type="stmt"/>
        <line num="60" count="4" type="stmt"/>
        <line num="62" count="22" type="cond" truecount="12" falsecount="0"/>
        <line num="64" count="12" type="stmt"/>
        <line num="76" count="22" type="stmt"/>
      </file>
    </package>
    <package name="src.components.widgets.QuizResult.ResultSummary">
      <metrics statements="10" coveredstatements="10" conditionals="18" coveredconditionals="13" methods="3" coveredmethods="3"/>
      <file name="ResultSummary.css" path="/Users/inabamasatake/Desktop/FrontHacks/32ReduxThunk/practice/quiz_app/src/components/widgets/QuizResult/ResultSummary/ResultSummary.css">
        <metrics statements="0" coveredstatements="0" conditionals="0" coveredconditionals="0" methods="0" coveredmethods="0"/>
      </file>
      <file name="ResultSummary.jsx" path="/Users/inabamasatake/Desktop/FrontHacks/32ReduxThunk/practice/quiz_app/src/components/widgets/QuizResult/ResultSummary/ResultSummary.jsx">
        <metrics statements="10" coveredstatements="10" conditionals="18" coveredconditionals="13" methods="3" coveredmethods="3"/>
        <line num="9" count="4" type="cond" truecount="1" falsecount="1"/>
        <line num="11" count="4" type="cond" truecount="3" falsecount="3"/>
        <line num="13" count="4" type="stmt"/>
        <line num="15" count="4" type="stmt"/>
        <line num="17" count="4" type="stmt"/>
        <line num="18" count="16" type="stmt"/>
        <line num="19" count="16" type="stmt"/>
        <line num="32" count="4" type="stmt"/>
        <line num="42" count="4" type="cond" truecount="1" falsecount="1"/>
        <line num="44" count="4" type="stmt"/>
      </file>
    </package>
    <package name="src.constants">
      <metrics statements="7" coveredstatements="7" conditionals="0" coveredconditionals="0" methods="1" coveredmethods="1"/>
      <file name="quizCategories.js" path="/Users/inabamasatake/Desktop/FrontHacks/32ReduxThunk/practice/quiz_app/src/constants/quizCategories.js">
        <metrics statements="4" coveredstatements="4" conditionals="0" coveredconditionals="0" methods="1" coveredmethods="1"/>
        <line num="3" count="17" type="stmt"/>
        <line num="12" count="17" type="stmt"/>
        <line num="21" count="17" type="stmt"/>
        <line num="22" count="213" type="stmt"/>
      </file>
      <file name="quizTranslations.js" path="/Users/inabamasatake/Desktop/FrontHacks/32ReduxThunk/practice/quiz_app/src/constants/quizTranslations.js">
        <metrics statements="3" coveredstatements="3" conditionals="0" coveredconditionals="0" methods="0" coveredmethods="0"/>
        <line num="1" count="15" type="stmt"/>
        <line num="7" count="15" type="stmt"/>
        <line num="12" count="15" type="stmt"/>
      </file>
    </package>
    <package name="src.data_fetcher">
      <metrics statements="10" coveredstatements="10" conditionals="2" coveredconditionals="2" methods="1" coveredmethods="1"/>
      <file name="QuizFetcher.js" path="/Users/inabamasatake/Desktop/FrontHacks/32ReduxThunk/practice/quiz_app/src/data_fetcher/QuizFetcher.js">
        <metrics statements="10" coveredstatements="10" conditionals="2" coveredconditionals="2" methods="1" coveredmethods="1"/>
        <line num="7" count="15" type="stmt"/>
        <line num="9" count="15" type="stmt"/>
        <line num="10" count="11" type="stmt"/>
        <line num="11" count="11" type="stmt"/>
        <line num="18" count="11" type="cond" truecount="2" falsecount="0"/>
        <line num="19" count="1" type="stmt"/>
        <line num="22" count="10" type="stmt"/>
        <line num="23" count="10" type="stmt"/>
        <line num="25" count="6" type="stmt"/>
        <line num="29" count="1" type="stmt"/>
      </file>
    </package>
    <package name="src.firebase">
      <metrics statements="5" coveredstatements="5" conditionals="0" coveredconditionals="0" methods="0" coveredmethods="0"/>
      <file name="index.js" path="/Users/inabamasatake/Desktop/FrontHacks/32ReduxThunk/practice/quiz_app/src/firebase/index.js">
        <metrics statements="5" coveredstatements="5" conditionals="0" coveredconditionals="0" methods="0" coveredmethods="0"/>
        <line num="5" count="6" type="stmt"/>
        <line num="14" count="6" type="stmt"/>
        <line num="16" count="6" type="stmt"/>
        <line num="18" count="6" type="stmt"/>
        <line num="19" count="6" type="stmt"/>
      </file>
    </package>
    <package name="src.hooks">
      <metrics statements="8" coveredstatements="8" conditionals="4" coveredconditionals="4" methods="2" coveredmethods="2"/>
      <file name="useNavigationHelper.js" path="/Users/inabamasatake/Desktop/FrontHacks/32ReduxThunk/practice/quiz_app/src/hooks/useNavigationHelper.js">
        <metrics statements="8" coveredstatements="8" conditionals="4" coveredconditionals="4" methods="2" coveredmethods="2"/>
        <line num="8" count="71" type="stmt"/>
        <line num="9" count="71" type="stmt"/>
        <line num="10" count="71" type="cond" truecount="4" falsecount="0"/>
        <line num="12" count="39" type="stmt"/>
        <line num="13" count="3" type="stmt"/>
        <line num="14" count="3" type="stmt"/>
        <line num="15" count="3" type="stmt"/>
        <line num="18" count="71" type="stmt"/>
      </file>
    </package>
    <package name="src.models">
      <metrics statements="109" coveredstatements="109" conditionals="60" coveredconditionals="59" methods="22" coveredmethods="22"/>
      <file name="AuthModel.js" path="/Users/inabamasatake/Desktop/FrontHacks/32ReduxThunk/practice/quiz_app/src/models/AuthModel.js">
        <metrics statements="30" coveredstatements="30" conditionals="10" coveredconditionals="10" methods="8" coveredmethods="8"/>
        <line num="18" count="2" type="stmt"/>
        <line num="19" count="13" type="cond" truecount="4" falsecount="0"/>
        <line num="20" count="4" type="stmt"/>
        <line num="25" count="9" type="cond" truecount="2" falsecount="0"/>
        <line num="26" count="4" type="stmt"/>
        <line num="33" count="4" type="stmt"/>
        <line num="39" count="2" type="stmt"/>
        <line num="40" count="2" type="stmt"/>
        <line num="41" count="2" type="cond" truecount="2" falsecount="0"/>
        <line num="42" count="1" type="stmt"/>
        <line num="44" count="1" type="stmt"/>
        <line num="49" count="2" type="stmt"/>
        <line num="50" count="6" type="stmt"/>
        <line num="52" count="6" type="stmt"/>
        <line num="58" count="1" type="stmt"/>
        <line num="60" count="1" type="stmt"/>
        <line num="62" count="1" type="stmt"/>
        <line num="65" count="2" type="stmt"/>
        <line num="66" count="2" type="stmt"/>
        <line num="67" count="1" type="stmt"/>
        <line num="68" count="1" type="stmt"/>
        <line num="71" count="2" type="stmt"/>
        <line num="72" count="7" type="stmt"/>
        <line num="74" count="7" type="stmt"/>
        <line num="80" count="2" type="stmt"/>
        <line num="82" count="2" type="cond" truecount="2" falsecount="0"/>
        <line num="83" count="1" type="stmt"/>
        <line num="89" count="1" type="stmt"/>
        <line num="92" count="2" type="stmt"/>
        <line num="93" count="2" type="stmt"/>
      </file>
      <file name="QuizHistoryModel.js" path="/Users/inabamasatake/Desktop/FrontHacks/32ReduxThunk/practice/quiz_app/src/models/QuizHistoryModel.js">
        <metrics statements="38" coveredstatements="38" conditionals="19" coveredconditionals="18" methods="5" coveredmethods="5"/>
        <line num="21" count="5" type="stmt"/>
        <line num="22" count="8" type="cond" truecount="2" falsecount="0"/>
        <line num="30" count="2" type="stmt"/>
        <line num="36" count="6" type="stmt"/>
        <line num="38" count="6" type="stmt"/>
        <line num="52" count="5" type="stmt"/>
        <line num="53" count="9" type="stmt"/>
        <line num="54" count="9" type="cond" truecount="4" falsecount="0"/>
        <line num="55" count="1" type="stmt"/>
        <line num="62" count="8" type="stmt"/>
        <line num="67" count="8" type="stmt"/>
        <line num="68" count="3" type="stmt"/>
        <line num="70" count="2" type="cond" truecount="2" falsecount="0"/>
        <line num="71" count="1" type="stmt"/>
        <line num="77" count="1" type="stmt"/>
        <line num="79" count="1" type="stmt"/>
        <line num="81" count="1" type="stmt"/>
        <line num="83" count="8" type="stmt"/>
        <line num="87" count="5" type="stmt"/>
        <line num="88" count="3" type="stmt"/>
        <line num="89" count="3" type="stmt"/>
        <line num="90" count="3" type="stmt"/>
        <line num="92" count="2" type="cond" truecount="2" falsecount="0"/>
        <line num="93" count="1" type="stmt"/>
        <line num="96" count="1" type="stmt"/>
        <line num="97" count="2" type="stmt"/>
        <line num="100" count="1" type="stmt"/>
        <line num="104" count="5" type="stmt"/>
        <line num="105" count="5" type="stmt"/>
        <line num="106" count="5" type="stmt"/>
        <line num="107" count="5" type="stmt"/>
        <line num="109" count="4" type="cond" truecount="2" falsecount="0"/>
        <line num="110" count="1" type="stmt"/>
        <line num="116" count="3" type="stmt"/>
        <line num="117" count="3" type="stmt"/>
        <line num="119" count="3" type="stmt"/>
        <line num="121" count="1" type="stmt"/>
        <line num="123" count="4" type="stmt"/>
      </file>
      <file name="QuizModel.js" path="/Users/inabamasatake/Desktop/FrontHacks/32ReduxThunk/practice/quiz_app/src/models/QuizModel.js">
        <metrics statements="41" coveredstatements="41" conditionals="31" coveredconditionals="31" methods="9" coveredmethods="9"/>
        <line num="12" count="15" type="stmt"/>
        <line num="13" count="12" type="cond" truecount="2" falsecount="0"/>
        <line num="14" count="1" type="stmt"/>
        <line num="20" count="11" type="stmt"/>
        <line num="27" count="44" type="stmt"/>
        <line num="29" count="11" type="cond" truecount="2" falsecount="0"/>
        <line num="30" count="4" type="stmt"/>
        <line num="36" count="7" type="stmt"/>
        <line num="40" count="21" type="stmt"/>
        <line num="46" count="15" type="stmt"/>
        <line num="47" count="3" type="cond" truecount="2" falsecount="0"/>
        <line num="48" count="1" type="stmt"/>
        <line num="53" count="2" type="stmt"/>
        <line num="56" count="15" type="stmt"/>
        <line num="57" count="6" type="stmt"/>
        <line num="58" count="6" type="stmt"/>
        <line num="60" count="2" type="cond" truecount="4" falsecount="0"/>
        <line num="61" count="1" type="stmt"/>
        <line num="66" count="1" type="stmt"/>
        <line num="68" count="2" type="cond" truecount="2" falsecount="0"/>
        <line num="69" count="1" type="stmt"/>
        <line num="71" count="1" type="stmt"/>
        <line num="79" count="15" type="stmt"/>
        <line num="85" count="14" type="cond" truecount="2" falsecount="0"/>
        <line num="86" count="1" type="stmt"/>
        <line num="92" count="13" type="cond" truecount="2" falsecount="0"/>
        <line num="93" count="2" type="stmt"/>
        <line num="99" count="11" type="cond" truecount="2" falsecount="0"/>
        <line num="100" count="3" type="stmt"/>
        <line num="107" count="8" type="cond" truecount="5" falsecount="0"/>
        <line num="108" count="1" type="stmt"/>
        <line num="115" count="7" type="stmt"/>
        <line num="118" count="15" type="stmt"/>
        <line num="119" count="30" type="cond" truecount="2" falsecount="0"/>
        <line num="120" count="29" type="stmt"/>
        <line num="123" count="15" type="stmt"/>
        <line num="124" count="16" type="cond" truecount="4" falsecount="0"/>
        <line num="125" count="3" type="stmt"/>
        <line num="127" count="13" type="stmt"/>
        <line num="130" count="15" type="stmt"/>
        <line num="131" count="17" type="cond" truecount="2" falsecount="0"/>
      </file>
    </package>
    <package name="src.models.errors">
      <metrics statements="6" coveredstatements="6" conditionals="4" coveredconditionals="3" methods="1" coveredmethods="1"/>
      <file name="ModelError.js" path="/Users/inabamasatake/Desktop/FrontHacks/32ReduxThunk/practice/quiz_app/src/models/errors/ModelError.js">
        <metrics statements="6" coveredstatements="6" conditionals="4" coveredconditionals="3" methods="1" coveredmethods="1"/>
        <line num="3" count="78" type="stmt"/>
        <line num="4" count="78" type="stmt"/>
        <line num="5" count="78" type="stmt"/>
        <line num="6" count="78" type="cond" truecount="2" falsecount="0"/>
        <line num="7" count="78" type="cond" truecount="1" falsecount="1"/>
        <line num="8" count="78" type="stmt"/>
      </file>
    </package>
    <package name="src.models.errors.auth">
      <metrics statements="15" coveredstatements="15" conditionals="10" coveredconditionals="10" methods="2" coveredmethods="2"/>
      <file name="AuthError.js" path="/Users/inabamasatake/Desktop/FrontHacks/32ReduxThunk/practice/quiz_app/src/models/errors/auth/AuthError.js">
        <metrics statements="3" coveredstatements="3" conditionals="4" coveredconditionals="4" methods="1" coveredmethods="1"/>
        <line num="7" count="28" type="cond" truecount="2" falsecount="0"/>
        <line num="11" count="28" type="stmt"/>
        <line num="17" count="28" type="stmt"/>
      </file>
      <file name="authErrorCode.js" path="/Users/inabamasatake/Desktop/FrontHacks/32ReduxThunk/practice/quiz_app/src/models/errors/auth/authErrorCode.js">
        <metrics statements="1" coveredstatements="1" conditionals="0" coveredconditionals="0" methods="0" coveredmethods="0"/>
        <line num="3" count="5" type="stmt"/>
      </file>
      <file name="authMessages.js" path="/Users/inabamasatake/Desktop/FrontHacks/32ReduxThunk/practice/quiz_app/src/models/errors/auth/authMessages.js">
        <metrics statements="2" coveredstatements="2" conditionals="0" coveredconditionals="0" methods="0" coveredmethods="0"/>
        <line num="5" count="4" type="stmt"/>
        <line num="11" count="4" type="stmt"/>
      </file>
      <file name="mapAuthError.js" path="/Users/inabamasatake/Desktop/FrontHacks/32ReduxThunk/practice/quiz_app/src/models/errors/auth/mapAuthError.js">
        <metrics statements="9" coveredstatements="9" conditionals="6" coveredconditionals="6" methods="1" coveredmethods="1"/>
        <line num="7" count="3" type="stmt"/>
        <line num="8" count="11" type="cond" truecount="2" falsecount="0"/>
        <line num="9" count="5" type="stmt"/>
        <line num="12" count="6" type="cond" truecount="2" falsecount="0"/>
        <line num="13" count="5" type="stmt"/>
        <line num="15" count="5" type="cond" truecount="2" falsecount="0"/>
        <line num="16" count="4" type="stmt"/>
        <line num="23" count="1" type="stmt"/>
        <line num="30" count="1" type="stmt"/>
      </file>
    </package>
    <package name="src.models.errors.quiz">
      <metrics statements="4" coveredstatements="4" conditionals="4" coveredconditionals="4" methods="1" coveredmethods="1"/>
      <file name="QuizError.js" path="/Users/inabamasatake/Desktop/FrontHacks/32ReduxThunk/practice/quiz_app/src/models/errors/quiz/QuizError.js">
        <metrics statements="3" coveredstatements="3" conditionals="4" coveredconditionals="4" methods="1" coveredmethods="1"/>
        <line num="8" count="32" type="cond" truecount="2" falsecount="0"/>
        <line num="12" count="32" type="stmt"/>
        <line num="18" count="32" type="stmt"/>
      </file>
      <file name="quizErrorCode.js" path="/Users/inabamasatake/Desktop/FrontHacks/32ReduxThunk/practice/quiz_app/src/models/errors/quiz/quizErrorCode.js">
        <metrics statements="1" coveredstatements="1" conditionals="0" coveredconditionals="0" methods="0" coveredmethods="0"/>
        <line num="3" count="18" type="stmt"/>
      </file>
    </package>
    <package name="src.models.errors.quizHistory">
      <metrics statements="14" coveredstatements="13" conditionals="10" coveredconditionals="7" methods="2" coveredmethods="2"/>
      <file name="QuizHistoryError.js" path="/Users/inabamasatake/Desktop/FrontHacks/32ReduxThunk/practice/quiz_app/src/models/errors/quizHistory/QuizHistoryError.js">
        <metrics statements="3" coveredstatements="3" conditionals="4" coveredconditionals="2" methods="1" coveredmethods="1"/>
        <line num="8" count="15" type="cond" truecount="1" falsecount="1"/>
        <line num="12" count="15" type="stmt"/>
        <line num="18" count="15" type="stmt"/>
      </file>
      <file name="mapQuizHistoryError.js" path="/Users/inabamasatake/Desktop/FrontHacks/32ReduxThunk/practice/quiz_app/src/models/errors/quizHistory/mapQuizHistoryError.js">
        <metrics statements="8" coveredstatements="7" conditionals="6" coveredconditionals="5" methods="1" coveredmethods="1"/>
        <line num="7" count="5" type="stmt"/>
        <line num="8" count="13" type="cond" truecount="2" falsecount="0"/>
        <line num="10" count="9" type="cond" truecount="1" falsecount="1"/>
        <line num="11" count="9" type="stmt"/>
        <line num="13" count="9" type="cond" truecount="2" falsecount="0"/>
        <line num="14" count="5" type="stmt"/>
        <line num="21" count="4" type="stmt"/>
        <line num="27" count="0" type="stmt"/>
      </file>
      <file name="quizHistoryErrorCode.js" path="/Users/inabamasatake/Desktop/FrontHacks/32ReduxThunk/practice/quiz_app/src/models/errors/quizHistory/quizHistoryErrorCode.js">
        <metrics statements="1" coveredstatements="1" conditionals="0" coveredconditionals="0" methods="0" coveredmethods="0"/>
        <line num="2" count="6" type="stmt"/>
      </file>
      <file name="quizHistoryMessages.js" path="/Users/inabamasatake/Desktop/FrontHacks/32ReduxThunk/practice/quiz_app/src/models/errors/quizHistory/quizHistoryMessages.js">
        <metrics statements="2" coveredstatements="2" conditionals="0" coveredconditionals="0" methods="0" coveredmethods="0"/>
        <line num="5" count="5" type="stmt"/>
        <line num="7" count="5" type="stmt"/>
      </file>
    </package>
    <package name="src.redux.features.auth">
      <metrics statements="55" coveredstatements="55" conditionals="2" coveredconditionals="2" methods="21" coveredmethods="21"/>
      <file name="authSlice.js" path="/Users/inabamasatake/Desktop/FrontHacks/32ReduxThunk/practice/quiz_app/src/redux/features/auth/authSlice.js">
        <metrics statements="24" coveredstatements="24" conditionals="0" coveredconditionals="0" methods="14" coveredmethods="14"/>
        <line num="11" count="2" type="stmt"/>
        <line num="18" count="2" type="stmt"/>
        <line num="24" count="1" type="stmt"/>
        <line num="27" count="1" type="stmt"/>
        <line num="30" count="1" type="stmt"/>
        <line num="33" count="1" type="stmt"/>
        <line num="38" count="1" type="stmt"/>
        <line num="41" count="2" type="stmt"/>
        <line num="44" count="1" type="stmt"/>
        <line num="45" count="1" type="stmt"/>
        <line num="46" count="1" type="stmt"/>
        <line num="50" count="2" type="stmt"/>
        <line num="53" count="1" type="stmt"/>
        <line num="54" count="1" type="stmt"/>
        <line num="55" count="1" type="stmt"/>
        <line num="59" count="2" type="stmt"/>
        <line num="62" count="1" type="stmt"/>
        <line num="63" count="1" type="stmt"/>
        <line num="64" count="1" type="stmt"/>
        <line num="69" count="2" type="stmt"/>
        <line num="72" count="1" type="stmt"/>
        <line num="84" count="4" type="stmt"/>
        <line num="85" count="4" type="stmt"/>
        <line num="92" count="2" type="stmt"/>
      </file>
      <file name="authThunks.js" path="/Users/inabamasatake/Desktop/FrontHacks/32ReduxThunk/practice/quiz_app/src/redux/features/auth/authThunks.js">
        <metrics statements="31" coveredstatements="31" conditionals="2" coveredconditionals="2" methods="7" coveredmethods="7"/>
        <line num="16" count="2" type="stmt"/>
        <line num="17" count="1" type="stmt"/>
        <line num="18" count="2" type="cond" truecount="2" falsecount="0"/>
        <line num="19" count="1" type="stmt"/>
        <line num="21" count="1" type="stmt"/>
        <line num="24" count="2" type="stmt"/>
        <line num="27" count="1" type="stmt"/>
        <line num="30" count="2" type="stmt"/>
        <line num="33" count="2" type="stmt"/>
        <line num="34" count="2" type="stmt"/>
        <line num="36" count="1" type="stmt"/>
        <line num="38" count="1" type="stmt"/>
        <line num="40" count="1" type="stmt"/>
        <line num="45" count="2" type="stmt"/>
        <line num="48" count="2" type="stmt"/>
        <line num="49" count="2" type="stmt"/>
        <line num="51" count="1" type="stmt"/>
        <line num="53" count="1" type="stmt"/>
        <line num="55" count="1" type="stmt"/>
        <line num="59" count="2" type="stmt"/>
        <line num="62" count="2" type="stmt"/>
        <line num="63" count="2" type="stmt"/>
        <line num="65" count="1" type="stmt"/>
        <line num="67" count="1" type="stmt"/>
        <line num="69" count="1" type="stmt"/>
        <line num="74" count="2" type="stmt"/>
        <line num="77" count="2" type="stmt"/>
        <line num="78" count="2" type="stmt"/>
        <line num="79" count="1" type="stmt"/>
        <line num="80" count="1" type="stmt"/>
        <line num="82" count="1" type="stmt"/>
      </file>
    </package>
    <package name="src.redux.features.quizContent">
      <metrics statements="25" coveredstatements="25" conditionals="4" coveredconditionals="3" methods="11" coveredmethods="10"/>
      <file name="quizContentSelector.js" path="/Users/inabamasatake/Desktop/FrontHacks/32ReduxThunk/practice/quiz_app/src/redux/features/quizContent/quizContentSelector.js">
        <metrics statements="4" coveredstatements="4" conditionals="0" coveredconditionals="0" methods="4" coveredmethods="3"/>
        <line num="1" count="7" type="stmt"/>
        <line num="3" count="25" type="stmt"/>
        <line num="4" count="85" type="stmt"/>
        <line num="5" count="25" type="stmt"/>
      </file>
      <file name="quizContentSlice.js" path="/Users/inabamasatake/Desktop/FrontHacks/32ReduxThunk/practice/quiz_app/src/redux/features/quizContent/quizContentSlice.js">
        <metrics statements="13" coveredstatements="13" conditionals="2" coveredconditionals="1" methods="5" coveredmethods="5"/>
        <line num="6" count="16" type="stmt"/>
        <line num="12" count="16" type="stmt"/>
        <line num="17" count="3" type="stmt"/>
        <line num="21" count="14" type="stmt"/>
        <line num="23" count="5" type="stmt"/>
        <line num="24" count="5" type="stmt"/>
        <line num="25" count="5" type="stmt"/>
        <line num="28" count="1" type="stmt"/>
        <line num="29" count="1" type="stmt"/>
        <line num="30" count="1" type="stmt"/>
        <line num="33" count="2" type="stmt"/>
        <line num="34" count="2" type="cond" truecount="1" falsecount="1"/>
        <line num="39" count="16" type="stmt"/>
      </file>
      <file name="quizContentThunks.js" path="/Users/inabamasatake/Desktop/FrontHacks/32ReduxThunk/practice/quiz_app/src/redux/features/quizContent/quizContentThunks.js">
        <metrics statements="8" coveredstatements="8" conditionals="2" coveredconditionals="2" methods="2" coveredmethods="2"/>
        <line num="7" count="17" type="stmt"/>
        <line num="10" count="6" type="stmt"/>
        <line num="11" count="6" type="stmt"/>
        <line num="12" count="1" type="stmt"/>
        <line num="13" count="1" type="stmt"/>
        <line num="17" count="7" type="stmt"/>
        <line num="18" count="7" type="cond" truecount="2" falsecount="0"/>
        <line num="19" count="1" type="stmt"/>
      </file>
    </package>
    <package name="src.redux.features.quizHistory">
      <metrics statements="45" coveredstatements="45" conditionals="8" coveredconditionals="8" methods="21" coveredmethods="17"/>
      <file name="quizHistorySelector.js" path="/Users/inabamasatake/Desktop/FrontHacks/32ReduxThunk/practice/quiz_app/src/redux/features/quizHistory/quizHistorySelector.js">
        <metrics statements="5" coveredstatements="5" conditionals="0" coveredconditionals="0" methods="5" coveredmethods="1"/>
        <line num="3" count="34" type="stmt"/>
        <line num="4" count="3" type="stmt"/>
        <line num="5" count="3" type="stmt"/>
        <line num="6" count="3" type="stmt"/>
        <line num="7" count="3" type="stmt"/>
      </file>
      <file name="quizHistorySlice.js" path="/Users/inabamasatake/Desktop/FrontHacks/32ReduxThunk/practice/quiz_app/src/redux/features/quizHistory/quizHistorySlice.js">
        <metrics statements="21" coveredstatements="21" conditionals="2" coveredconditionals="2" methods="10" coveredmethods="10"/>
        <line num="8" count="3" type="stmt"/>
        <line num="17" count="3" type="stmt"/>
        <line num="22" count="3" type="stmt"/>
        <line num="26" count="6" type="stmt"/>
        <line num="29" count="1" type="stmt"/>
        <line num="30" count="1" type="stmt"/>
        <line num="31" count="1" type="stmt"/>
        <line num="36" count="2" type="stmt"/>
        <line num="39" count="1" type="stmt"/>
        <line num="40" count="1" type="stmt"/>
        <line num="41" count="1" type="stmt"/>
        <line num="47" count="2" type="stmt"/>
        <line num="50" count="1" type="stmt"/>
        <line num="51" count="1" type="stmt"/>
        <line num="52" count="3" type="stmt"/>
        <line num="54" count="1" type="stmt"/>
        <line num="60" count="56" type="cond" truecount="2" falsecount="0"/>
        <line num="63" count="7" type="stmt"/>
        <line num="64" count="7" type="stmt"/>
        <line num="65" count="7" type="stmt"/>
        <line num="66" count="7" type="stmt"/>
      </file>
      <file name="quizHistoryThunks.js" path="/Users/inabamasatake/Desktop/FrontHacks/32ReduxThunk/practice/quiz_app/src/redux/features/quizHistory/quizHistoryThunks.js">
        <metrics statements="19" coveredstatements="19" conditionals="6" coveredconditionals="6" methods="6" coveredmethods="6"/>
        <line num="10" count="5" type="stmt"/>
        <line num="13" count="6" type="stmt"/>
        <line num="15" count="1" type="stmt"/>
        <line num="16" count="1" type="stmt"/>
        <line num="20" count="7" type="stmt"/>
        <line num="21" count="7" type="cond" truecount="2" falsecount="0"/>
        <line num="26" count="5" type="stmt"/>
        <line num="29" count="2" type="stmt"/>
        <line num="30" count="1" type="stmt"/>
        <line num="34" count="3" type="stmt"/>
        <line num="35" count="3" type="cond" truecount="2" falsecount="0"/>
        <line num="36" count="1" type="stmt"/>
        <line num="42" count="5" type="stmt"/>
        <line num="45" count="2" type="stmt"/>
        <line num="47" count="1" type="stmt"/>
        <line num="48" count="1" type="stmt"/>
        <line num="52" count="3" type="stmt"/>
        <line num="53" count="3" type="cond" truecount="2" falsecount="0"/>
        <line num="54" count="1" type="stmt"/>
      </file>
    </package>
    <package name="src.redux.features.quizProgress">
      <metrics statements="36" coveredstatements="36" conditionals="12" coveredconditionals="10" methods="15" coveredmethods="15"/>
      <file name="quizProgressSelector.js" path="/Users/inabamasatake/Desktop/FrontHacks/32ReduxThunk/practice/quiz_app/src/redux/features/quizProgress/quizProgressSelector.js">
        <metrics statements="22" coveredstatements="22" conditionals="10" coveredconditionals="8" methods="9" coveredmethods="9"/>
        <line num="13" count="128" type="stmt"/>
        <line num="14" count="6" type="stmt"/>
        <line num="15" count="115" type="stmt"/>
        <line num="16" count="6" type="stmt"/>
        <line num="17" count="96" type="stmt"/>
        <line num="18" count="34" type="stmt"/>
        <line num="20" count="6" type="stmt"/>
        <line num="23" count="22" type="stmt"/>
        <line num="27" count="6" type="stmt"/>
        <line num="30" count="17" type="cond" truecount="2" falsecount="0"/>
        <line num="31" count="3" type="stmt"/>
        <line num="34" count="14" type="stmt"/>
        <line num="37" count="6" type="stmt"/>
        <line num="40" count="17" type="cond" truecount="2" falsecount="0"/>
        <line num="41" count="3" type="stmt"/>
        <line num="44" count="14" type="stmt"/>
        <line num="48" count="6" type="stmt"/>
        <line num="51" count="12" type="cond" truecount="2" falsecount="0"/>
        <line num="55" count="6" type="stmt"/>
        <line num="58" count="8" type="cond" truecount="2" falsecount="2"/>
        <line num="59" count="8" type="stmt"/>
        <line num="64" count="8" type="stmt"/>
      </file>
      <file name="quizProgressSlice.js" path="/Users/inabamasatake/Desktop/FrontHacks/32ReduxThunk/practice/quiz_app/src/redux/features/quizProgress/quizProgressSlice.js">
        <metrics statements="14" coveredstatements="14" conditionals="2" coveredconditionals="2" methods="6" coveredmethods="6"/>
        <line num="8" count="15" type="stmt"/>
        <line num="15" count="15" type="stmt"/>
        <line num="21" count="6" type="stmt"/>
        <line num="25" count="15" type="stmt"/>
        <line num="27" count="15" type="stmt"/>
        <line num="29" count="15" type="cond" truecount="2" falsecount="0"/>
        <line num="30" count="11" type="stmt"/>
        <line num="32" count="4" type="stmt"/>
        <line num="35" count="15" type="stmt"/>
        <line num="44" count="1" type="stmt"/>
        <line num="48" count="14" type="stmt"/>
        <line num="49" count="5" type="stmt"/>
        <line num="50" count="4" type="stmt"/>
        <line num="55" count="15" type="stmt"/>
      </file>
    </package>
    <package name="src.redux.features.quizSettings">
      <metrics statements="18" coveredstatements="18" conditionals="4" coveredconditionals="3" methods="10" coveredmethods="10"/>
      <file name="quizSettingsSelector.js" path="/Users/inabamasatake/Desktop/FrontHacks/32ReduxThunk/practice/quiz_app/src/redux/features/quizSettings/quizSettingsSelector.js">
        <metrics statements="7" coveredstatements="7" conditionals="0" coveredconditionals="0" methods="6" coveredmethods="6"/>
        <line num="1" count="19" type="stmt"/>
        <line num="3" count="50" type="stmt"/>
        <line num="4" count="50" type="stmt"/>
        <line num="5" count="8" type="stmt"/>
        <line num="6" count="50" type="stmt"/>
        <line num="7" count="50" type="stmt"/>
        <line num="8" count="50" type="stmt"/>
      </file>
      <file name="quizSettingsSlice.js" path="/Users/inabamasatake/Desktop/FrontHacks/32ReduxThunk/practice/quiz_app/src/redux/features/quizSettings/quizSettingsSlice.js">
        <metrics statements="11" coveredstatements="11" conditionals="4" coveredconditionals="3" methods="4" coveredmethods="4"/>
        <line num="5" count="12" type="stmt"/>
        <line num="13" count="12" type="stmt"/>
        <line num="19" count="4" type="stmt"/>
        <line num="26" count="4" type="stmt"/>
        <line num="29" count="12" type="stmt"/>
        <line num="30" count="12" type="cond" truecount="1" falsecount="1"/>
        <line num="31" count="12" type="stmt"/>
        <line num="32" count="12" type="cond" truecount="2" falsecount="0"/>
        <line num="33" count="1" type="stmt"/>
        <line num="39" count="3" type="stmt"/>
        <line num="49" count="12" type="stmt"/>
      </file>
    </package>
    <package name="src.redux.features.snackbar">
      <metrics statements="9" coveredstatements="9" conditionals="0" coveredconditionals="0" methods="4" coveredmethods="4"/>
      <file name="snackbarSlice.js" path="/Users/inabamasatake/Desktop/FrontHacks/32ReduxThunk/practice/quiz_app/src/redux/features/snackbar/snackbarSlice.js">
        <metrics statements="9" coveredstatements="9" conditionals="0" coveredconditionals="0" methods="4" coveredmethods="4"/>
        <line num="3" count="21" type="stmt"/>
        <line num="8" count="21" type="stmt"/>
        <line num="14" count="1" type="stmt"/>
        <line num="15" count="1" type="stmt"/>
        <line num="18" count="1" type="stmt"/>
        <line num="19" count="1" type="stmt"/>
        <line num="24" count="21" type="stmt"/>
        <line num="25" count="21" type="stmt"/>
        <line num="27" count="21" type="stmt"/>
      </file>
    </package>
    <package name="src.redux.features.utils">
      <metrics statements="6" coveredstatements="6" conditionals="4" coveredconditionals="4" methods="2" coveredmethods="2"/>
      <file name="createModelThunk.js" path="/Users/inabamasatake/Desktop/FrontHacks/32ReduxThunk/practice/quiz_app/src/redux/features/utils/createModelThunk.js">
        <metrics statements="6" coveredstatements="6" conditionals="4" coveredconditionals="4" methods="2" coveredmethods="2"/>
        <line num="3" count="44" type="stmt"/>
        <line num="7" count="27" type="stmt"/>
        <line num="8" count="27" type="stmt"/>
        <line num="10" count="15" type="cond" truecount="4" falsecount="0"/>
        <line num="11" count="14" type="stmt"/>
        <line num="17" count="1" type="stmt"/>
      </file>
    </package>
    <package name="src.test.fixtures">
      <metrics statements="5" coveredstatements="5" conditionals="0" coveredconditionals="0" methods="0" coveredmethods="0"/>
      <file name="historyFixture.js" path="/Users/inabamasatake/Desktop/FrontHacks/32ReduxThunk/practice/quiz_app/src/test/fixtures/historyFixture.js">
        <metrics statements="2" coveredstatements="2" conditionals="0" coveredconditionals="0" methods="0" coveredmethods="0"/>
        <line num="1" count="2" type="stmt"/>
        <line num="31" count="2" type="stmt"/>
      </file>
      <file name="quizFixture.js" path="/Users/inabamasatake/Desktop/FrontHacks/32ReduxThunk/practice/quiz_app/src/test/fixtures/quizFixture.js">
        <metrics statements="3" coveredstatements="3" conditionals="0" coveredconditionals="0" methods="0" coveredmethods="0"/>
        <line num="3" count="5" type="stmt"/>
        <line num="40" count="5" type="stmt"/>
        <line num="77" count="5" type="stmt"/>
      </file>
    </package>
    <package name="src.test.models.__fixtures__">
      <metrics statements="6" coveredstatements="6" conditionals="0" coveredconditionals="0" methods="2" coveredmethods="2"/>
      <file name="buildHistory.js" path="/Users/inabamasatake/Desktop/FrontHacks/32ReduxThunk/practice/quiz_app/src/test/models/__fixtures__/buildHistory.js">
        <metrics statements="4" coveredstatements="4" conditionals="0" coveredconditionals="0" methods="2" coveredmethods="2"/>
        <line num="5" count="1" type="stmt"/>
        <line num="14" count="1" type="stmt"/>
        <line num="16" count="1" type="stmt"/>
        <line num="20" count="6" type="stmt"/>
      </file>
      <file name="firestoreHistoryData.js" path="/Users/inabamasatake/Desktop/FrontHacks/32ReduxThunk/practice/quiz_app/src/test/models/__fixtures__/firestoreHistoryData.js">
        <metrics statements="2" coveredstatements="2" conditionals="0" coveredconditionals="0" methods="0" coveredmethods="0"/>
        <line num="5" count="1" type="stmt"/>
        <line num="15" count="1" type="stmt"/>
      </file>
    </package>
    <package name="src.test.utils">
      <metrics statements="17" coveredstatements="17" conditionals="14" coveredconditionals="7" methods="6" coveredmethods="6"/>
      <file name="renderHookWithStore.jsx" path="/Users/inabamasatake/Desktop/FrontHacks/32ReduxThunk/practice/quiz_app/src/test/utils/renderHookWithStore.jsx">
        <metrics statements="12" coveredstatements="12" conditionals="14" coveredconditionals="7" methods="5" coveredmethods="5"/>
        <line num="11" count="3" type="stmt"/>
        <line num="20" count="34" type="stmt"/>
        <line num="25" count="34" type="stmt"/>
        <line num="27" count="34" type="cond" truecount="2" falsecount="2"/>
        <line num="28" count="34" type="stmt"/>
        <line num="31" count="34" type="cond" truecount="1" falsecount="1"/>
        <line num="33" count="34" type="cond" truecount="2" falsecount="4"/>
        <line num="36" count="34" type="stmt"/>
        <line num="42" count="34" type="stmt"/>
        <line num="46" count="34" type="stmt"/>
        <line num="47" count="34" type="stmt"/>
        <line num="58" count="52" type="stmt"/>
      </file>
      <file name="renderWithStore.jsx" path="/Users/inabamasatake/Desktop/FrontHacks/32ReduxThunk/practice/quiz_app/src/test/utils/renderWithStore.jsx">
        <metrics statements="5" coveredstatements="5" conditionals="0" coveredconditionals="0" methods="1" coveredmethods="1"/>
        <line num="13" count="10" type="stmt"/>
        <line num="14" count="61" type="stmt"/>
        <line num="19" count="61" type="stmt"/>
        <line num="21" count="61" type="stmt"/>
        <line num="23" count="61" type="stmt"/>
      </file>
    </package>
  </project>
</coverage>
