<?xml version="1.0" encoding="UTF-8"?>
<coverage generated="1773202795802" clover="3.2.0">
  <project timestamp="1773202795802" name="All files">
    <metrics statements="23" coveredstatements="23" conditionals="33" coveredconditionals="15" methods="2" coveredmethods="2" elements="58" coveredelements="40" complexity="0" loc="23" ncloc="23" packages="2" files="2" classes="2"/>
    <package name="common.Button">
      <metrics statements="10" coveredstatements="10" conditionals="18" coveredconditionals="8" methods="1" coveredmethods="1"/>
      <file name="Button.jsx" path="/Users/inabamasatake/Desktop/FrontHacks/32ReduxThunk/practice/quiz_app/src/components/common/Button/Button.jsx">
        <metrics statements="10" coveredstatements="10" conditionals="18" coveredconditionals="8" methods="1" coveredmethods="1"/>
        <line num="6" count="3" type="stmt"/>
        <line num="9" count="3" type="cond" truecount="1" falsecount="1"/>
        <line num="10" count="3" type="cond" truecount="1" falsecount="1"/>
        <line num="14" count="3" type="stmt"/>
        <line num="15" count="3" type="cond" truecount="3" falsecount="3"/>
        <line num="16" count="3" type="stmt"/>
        <line num="18" count="3" type="stmt"/>
        <line num="21" count="3" type="stmt"/>
        <line num="24" count="3" type="cond" truecount="3" falsecount="5"/>
        <line num="27" count="3" type="stmt"/>
      </file>
    </package>
    <package name="widgets.QuizResult">
      <metrics statements="13" coveredstatements="13" conditionals="15" coveredconditionals="7" methods="1" coveredmethods="1"/>
      <file name="ResultButtonContainer.jsx" path="/Users/inabamasatake/Desktop/FrontHacks/32ReduxThunk/practice/quiz_app/src/components/widgets/QuizResult/ResultButtonContainer.jsx">
        <metrics statements="13" coveredstatements="13" conditionals="15" coveredconditionals="7" methods="1" coveredmethods="1"/>
        <line num="8" count="3" type="stmt"/>
        <line num="12" count="1" type="cond" truecount="1" falsecount="1"/>
        <line num="13" count="1" type="stmt"/>
        <line num="14" count="1" type="stmt"/>
        <line num="19" count="1" type="cond" truecount="1" falsecount="1"/>
        <line num="20" count="1" type="stmt"/>
        <line num="25" count="1" type="cond" truecount="1" falsecount="1"/>
        <line num="26" count="1" type="stmt"/>
        <line num="31" count="1" type="cond" truecount="2" falsecount="3"/>
        <line num="32" count="1" type="cond" truecount="1" falsecount="1"/>
        <line num="34" count="1" type="stmt"/>
        <line num="35" count="1" type="cond" truecount="1" falsecount="1"/>
        <line num="48" count="1" type="stmt"/>
      </file>
    </package>
  </project>
</coverage>
