{"/Users/inabamasatake/Desktop/FrontHacks/32ReduxThunk/practice/quiz_app/src/components/common/Button/Button.jsx": {"path":"/Users/inabamasatake/Desktop/FrontHacks/32ReduxThunk/practice/quiz_app/src/components/common/Button/Button.jsx","statementMap":{"0":{"start":{"line":6,"column":15},"end":{"line":27,"column":null}},"1":{"start":{"line":6,"column":15},"end":{"line":6,"column":16}},"2":{"start":{"line":6,"column":16},"end":{"line":6,"column":null}},"3":{"start":{"line":9,"column":2},"end":{"line":9,"column":null}},"4":{"start":{"line":10,"column":2},"end":{"line":10,"column":null}},"5":{"start":{"line":14,"column":23},"end":{"line":14,"column":null}},"6":{"start":{"line":15,"column":22},"end":{"line":15,"column":53}},"7":{"start":{"line":15,"column":72},"end":{"line":18,"column":51}},"8":{"start":{"line":16,"column":18},"end":{"line":16,"column":null}},"9":{"start":{"line":18,"column":22},"end":{"line":18,"column":45}},"10":{"start":{"line":18,"column":45},"end":{"line":18,"column":51}},"11":{"start":{"line":18,"column":22},"end":{"line":18,"column":null}},"12":{"start":{"line":24,"column":16},"end":{"line":24,"column":42}},"13":{"start":{"line":24,"column":42},"end":{"line":27,"column":null}},"14":{"start":{"line":21,"column":4},"end":{"line":27,"column":13}},"15":{"start":{"line":27,"column":13},"end":{"line":27,"column":null}},"16":{"start":{"line":27,"column":13},"end":{"line":21,"column":null}}},"fnMap":{"0":{"name":"(anonymous_0)","decl":{"start":{"line":6,"column":15},"end":{"line":6,"column":16}},"loc":{"start":{"line":6,"column":15},"end":{"line":27,"column":null}},"line":6}},"branchMap":{"0":{"loc":{"start":{"line":9,"column":2},"end":{"line":9,"column":null}},"type":"cond-expr","locations":[{"start":{"line":9,"column":2},"end":{"line":9,"column":null}},{"start":{"line":9,"column":2},"end":{"line":9,"column":null}}],"line":9},"1":{"loc":{"start":{"line":10,"column":2},"end":{"line":10,"column":null}},"type":"cond-expr","locations":[{"start":{"line":10,"column":2},"end":{"line":10,"column":null}},{"start":{"line":10,"column":2},"end":{"line":10,"column":null}}],"line":10},"2":{"loc":{"start":{"line":15,"column":22},"end":{"line":15,"column":53}},"type":"cond-expr","locations":[{"start":{"line":15,"column":22},"end":{"line":15,"column":72}},{"start":{"line":15,"column":22},"end":{"line":15,"column":53}}],"line":15},"3":{"loc":{"start":{"line":15,"column":72},"end":{"line":18,"column":51}},"type":"if","locations":[{"start":{"line":15,"column":72},"end":{"line":18,"column":51}},{"start":{"line":18,"column":45},"end":{"line":18,"column":51}}],"line":15},"4":{"loc":{"start":{"line":15,"column":72},"end":{"line":15,"column":null}},"type":"binary-expr","locations":[{"start":{"line":15,"column":72},"end":{"line":15,"column":null}},{"start":{"line":15,"column":72},"end":{"line":15,"column":null}}],"line":15},"5":{"loc":{"start":{"line":24,"column":16},"end":{"line":24,"column":42}},"type":"binary-expr","locations":[{"start":{"line":24,"column":16},"end":{"line":24,"column":31}},{"start":{"line":24,"column":16},"end":{"line":24,"column":42}}],"line":24},"6":{"loc":{"start":{"line":24,"column":42},"end":{"line":27,"column":null}},"type":"if","locations":[{"start":{"line":24,"column":42},"end":{"line":27,"column":null}},{"start":{"line":27,"column":13},"end":{"line":27,"column":null}}],"line":24},"7":{"loc":{"start":{"line":24,"column":42},"end":{"line":24,"column":null}},"type":"binary-expr","locations":[{"start":{"line":24,"column":42},"end":{"line":24,"column":null}},{"start":{"line":24,"column":42},"end":{"line":24,"column":null}},{"start":{"line":24,"column":42},"end":{"line":24,"column":null}},{"start":{"line":24,"column":42},"end":{"line":24,"column":null}}],"line":24}},"s":{"0":1,"1":3,"2":3,"3":3,"4":3,"5":3,"6":3,"7":3,"8":3,"9":3,"10":0,"11":3,"12":3,"13":3,"14":3,"15":0,"16":3},"f":{"0":3},"b":{"0":[0,3],"1":[3,0],"2":[0,3],"3":[3,0],"4":[3,0],"5":[3,0],"6":[3,0],"7":[3,0,0,0]},"meta":{"lastBranch":8,"lastFunction":1,"lastStatement":17,"seen":{"s:6:15:27:Infinity":0,"f:6:15:6:16":0,"s:6:15:6:16":1,"s:6:16:6:Infinity":2,"s:9:2:9:Infinity":3,"b:9:2:9:Infinity:9:2:9:Infinity":0,"s:10:2:10:Infinity":4,"b:10:2:10:Infinity:10:2:10:Infinity":1,"s:14:23:14:Infinity":5,"s:15:22:15:53":6,"b:15:22:15:72:15:22:15:53":2,"b:15:72:18:51:18:45:18:51":3,"s:15:72:18:51":7,"b:15:72:15:Infinity:15:72:15:Infinity":4,"s:16:18:16:Infinity":8,"s:18:22:18:45":9,"s:18:45:18:51":10,"s:18:22:18:Infinity":11,"s:24:16:24:42":12,"b:24:16:24:31:24:16:24:42":5,"b:24:42:27:Infinity:27:13:27:Infinity":6,"s:24:42:27:Infinity":13,"b:24:42:24:Infinity:24:42:24:Infinity:24:42:24:Infinity:24:42:24:Infinity":7,"s:21:4:27:13":14,"s:27:13:27:Infinity":15,"s:27:13:21:Infinity":16}}}
,"/Users/inabamasatake/Desktop/FrontHacks/32ReduxThunk/practice/quiz_app/src/components/widgets/QuizResult/ResultButtonContainer.jsx": {"path":"/Users/inabamasatake/Desktop/FrontHacks/32ReduxThunk/practice/quiz_app/src/components/widgets/QuizResult/ResultButtonContainer.jsx","statementMap":{"0":{"start":{"line":8,"column":30},"end":{"line":48,"column":null}},"1":{"start":{"line":8,"column":30},"end":{"line":8,"column":31}},"2":{"start":{"line":8,"column":31},"end":{"line":8,"column":null}},"3":{"start":{"line":12,"column":1},"end":{"line":19,"column":null}},"4":{"start":{"line":14,"column":4},"end":{"line":19,"column":5}},"5":{"start":{"line":19,"column":5},"end":{"line":19,"column":null}},"6":{"start":{"line":19,"column":5},"end":{"line":25,"column":null}},"7":{"start":{"line":20,"column":4},"end":{"line":25,"column":5}},"8":{"start":{"line":25,"column":5},"end":{"line":25,"column":null}},"9":{"start":{"line":25,"column":5},"end":{"line":31,"column":null}},"10":{"start":{"line":26,"column":4},"end":{"line":31,"column":5}},"11":{"start":{"line":31,"column":5},"end":{"line":31,"column":null}},"12":{"start":{"line":31,"column":5},"end":{"line":32,"column":4}},"13":{"start":{"line":13,"column":25},"end":{"line":31,"column":null}},"14":{"start":{"line":32,"column":3},"end":{"line":32,"column":4}},"15":{"start":{"line":13,"column":25},"end":{"line":13,"column":null}},"16":{"start":{"line":32,"column":4},"end":{"line":35,"column":42}},"17":{"start":{"line":35,"column":15},"end":{"line":35,"column":30}},"18":{"start":{"line":35,"column":30},"end":{"line":35,"column":42}},"19":{"start":{"line":35,"column":30},"end":{"line":48,"column":null}},"20":{"start":{"line":34,"column":4},"end":{"line":48,"column":10}},"21":{"start":{"line":48,"column":10},"end":{"line":48,"column":null}},"22":{"start":{"line":48,"column":10},"end":{"line":34,"column":19}},"23":{"start":{"line":8,"column":30},"end":{"line":43,"column":21}}},"fnMap":{"0":{"name":"(anonymous_0)","decl":{"start":{"line":8,"column":30},"end":{"line":8,"column":31}},"loc":{"start":{"line":8,"column":30},"end":{"line":48,"column":null}},"line":8}},"branchMap":{"0":{"loc":{"start":{"line":12,"column":1},"end":{"line":19,"column":null}},"type":"if","locations":[{"start":{"line":12,"column":1},"end":{"line":19,"column":null}},{"start":{"line":19,"column":5},"end":{"line":19,"column":null}}],"line":12},"1":{"loc":{"start":{"line":19,"column":5},"end":{"line":25,"column":null}},"type":"if","locations":[{"start":{"line":19,"column":5},"end":{"line":25,"column":null}},{"start":{"line":25,"column":5},"end":{"line":25,"column":null}}],"line":19},"2":{"loc":{"start":{"line":25,"column":5},"end":{"line":31,"column":null}},"type":"if","locations":[{"start":{"line":25,"column":5},"end":{"line":31,"column":null}},{"start":{"line":31,"column":5},"end":{"line":31,"column":null}}],"line":25},"3":{"loc":{"start":{"line":31,"column":5},"end":{"line":32,"column":4}},"type":"if","locations":[{"start":{"line":31,"column":5},"end":{"line":32,"column":4}},{"start":{"line":32,"column":3},"end":{"line":32,"column":4}}],"line":31},"4":{"loc":{"start":{"line":31,"column":5},"end":{"line":31,"column":null}},"type":"binary-expr","locations":[{"start":{"line":31,"column":5},"end":{"line":31,"column":null}},{"start":{"line":31,"column":5},"end":{"line":31,"column":null}},{"start":{"line":31,"column":5},"end":{"line":31,"column":null}}],"line":31},"5":{"loc":{"start":{"line":32,"column":4},"end":{"line":35,"column":42}},"type":"if","locations":[{"start":{"line":32,"column":4},"end":{"line":35,"column":42}},{"start":{"line":35,"column":30},"end":{"line":35,"column":42}}],"line":32},"6":{"loc":{"start":{"line":35,"column":30},"end":{"line":48,"column":null}},"type":"if","locations":[{"start":{"line":35,"column":30},"end":{"line":48,"column":null}},{"start":{"line":48,"column":10},"end":{"line":48,"column":null}}],"line":35}},"s":{"0":1,"1":1,"2":1,"3":1,"4":1,"5":0,"6":1,"7":1,"8":0,"9":1,"10":1,"11":0,"12":1,"13":1,"14":0,"15":1,"16":1,"17":1,"18":0,"19":1,"20":1,"21":0,"22":1,"23":3},"f":{"0":4},"b":{"0":[1,0],"1":[1,0],"2":[1,0],"3":[1,0],"4":[1,0,0],"5":[1,0],"6":[1,0]},"meta":{"lastBranch":7,"lastFunction":1,"lastStatement":24,"seen":{"s:8:30:48:Infinity":0,"f:8:30:8:31":0,"s:8:30:8:31":1,"s:8:31:8:Infinity":2,"b:12:1:19:Infinity:19:5:19:Infinity":0,"s:12:1:19:Infinity":3,"s:14:4:19:5":4,"s:19:5:19:Infinity":5,"b:19:5:25:Infinity:25:5:25:Infinity":1,"s:19:5:25:Infinity":6,"s:20:4:25:5":7,"s:25:5:25:Infinity":8,"b:25:5:31:Infinity:31:5:31:Infinity":2,"s:25:5:31:Infinity":9,"s:26:4:31:5":10,"s:31:5:31:Infinity":11,"b:31:5:32:4:32:3:32:4":3,"s:31:5:32:4":12,"b:31:5:31:Infinity:31:5:31:Infinity:31:5:31:Infinity":4,"s:13:25:31:Infinity":13,"s:32:3:32:4":14,"s:13:25:13:Infinity":15,"b:32:4:35:42:35:30:35:42":5,"s:32:4:35:42":16,"s:35:15:35:30":17,"s:35:30:35:42":18,"b:35:30:48:Infinity:48:10:48:Infinity":6,"s:35:30:48:Infinity":19,"s:34:4:48:10":20,"s:48:10:48:Infinity":21,"s:48:10:34:19":22,"s:8:30:43:21":23}}}
}
